#
# There is insufficient memory for the Java Runtime Environment to continue.
# Native memory allocation (mmap) failed to map 134217728 bytes for G1 virtual space
# Possible reasons:
#   The system is out of physical RAM or swap space
#   The process is running with CompressedOops enabled, and the Java Heap may be blocking the growth of the native heap
# Possible solutions:
#   Reduce memory load on the system
#   Increase physical memory or swap space
#   Check if swap backing store is full
#   Decrease Java heap size (-Xmx/-Xms)
#   Decrease number of Java threads
#   Decrease Java thread stack sizes (-Xss)
#   Set larger code cache with -XX:ReservedCodeCacheSize=
#   JVM is running with Unscaled Compressed Oops mode in which the Java heap is
#     placed in the first 4GB address space. The Java Heap base address is the
#     maximum limit for the native heap growth. Please use -XX:HeapBaseMinAddress
#     to set the Java Heap base and to place the Java Heap above 4GB virtual address.
# This output file may be truncated or incomplete.
#
#  Out of Memory Error (os_windows.cpp:3528), pid=17172, tid=5624
#
# JRE version:  (20.0.2+9) (build )
# Java VM: OpenJDK 64-Bit Server VM (20.0.2+9-78, mixed mode, sharing, tiered, compressed oops, compressed class ptrs, g1 gc, windows-amd64)
# No core dump will be written. Minidumps are not enabled by default on client versions of Windows
#

---------------  S U M M A R Y ------------

Command Line: -javaagent:C:\Program Files\JetBrains\IntelliJ IDEA Community Edition 2022.2\lib\idea_rt.jar=51933:C:\Program Files\JetBrains\IntelliJ IDEA Community Edition 2022.2\bin -Dfile.encoding=UTF-8 xzero.XZero

Host: Intel(R) Core(TM) i5-8265U CPU @ 1.60GHz, 8 cores, 7G,  Windows 10 , 64 bit Build 18362 (10.0.18362.1110)
Time: Tue Nov 28 23:21:17 2023 RTZ 2 (çèìà) elapsed time: 0.087823 seconds (0d 0h 0m 0s)

---------------  T H R E A D  ---------------

Current thread (0x0000020f8bebdaa0):  JavaThread "Unknown thread" [_thread_in_vm, id=5624, stack(0x000000d7eab00000,0x000000d7eac00000)]

Stack: [0x000000d7eab00000,0x000000d7eac00000]
Native frames: (J=compiled Java code, j=interpreted, Vv=VM code, C=native code)
V  [jvm.dll+0x6bc25a]
V  [jvm.dll+0x84971a]
V  [jvm.dll+0x84b315]
V  [jvm.dll+0x84ba13]
V  [jvm.dll+0x280e4f]
V  [jvm.dll+0x6b8fe9]
V  [jvm.dll+0x6adbca]
V  [jvm.dll+0x35b165]
V  [jvm.dll+0x363386]
V  [jvm.dll+0x3b400e]
V  [jvm.dll+0x3b4295]
V  [jvm.dll+0x32b86a]
V  [jvm.dll+0x32c68b]
V  [jvm.dll+0x8123df]
V  [jvm.dll+0x3c1261]
V  [jvm.dll+0x7fe103]
V  [jvm.dll+0x44ccaf]
V  [jvm.dll+0x44e621]
C  [jli.dll+0x5287]
C  [ucrtbase.dll+0x210b2]
C  [KERNEL32.DLL+0x17c24]
C  [ntdll.dll+0x6d4d1]


---------------  P R O C E S S  ---------------

Threads class SMR info:
_java_thread_list=0x00007ffbab7db118, length=0, elements={
}

Java Threads: ( => current thread )

Other Threads:
  0x0000020f8bf1b6a0 WorkerThread "GC Thread#0" [stack: 0x000000d7eac00000,0x000000d7ead00000] [id=12508]
  0x0000020f8bf2c390 ConcurrentGCThread "G1 Main Marker" [stack: 0x000000d7ead00000,0x000000d7eae00000] [id=12720]
  0x0000020f8bf2e570 WorkerThread "G1 Conc#0" [stack: 0x000000d7eae00000,0x000000d7eaf00000] [id=2732]

[error occurred during error reporting (printing all threads), id 0xc0000005, EXCEPTION_ACCESS_VIOLATION (0xc0000005) at pc=0x00007ffbaafbeea7]
VM state: not at safepoint (not fully initialized)

VM Mutex/Monitor currently owned by a thread:  ([mutex/lock_event])
[0x0000020f8beb95d0] Heap_lock - owner thread: 0x0000020f8bebdaa0

Heap address: 0x0000000081e00000, size: 2018 MB, Compressed Oops mode: 32-bit

CDS archive(s) mapped at: [0x0000000000000000-0x0000000000000000-0x0000000000000000), size 0, SharedBaseAddress: 0x0000000800000000, ArchiveRelocationMode: 1.
Narrow klass base: 0x0000000000000000, Narrow klass shift: 0, Narrow klass range: 0x0

GC Precious Log:
 CardTable entry size: 512
 Card Set container configuration: InlinePtr #cards 5 size 8 Array Of Cards #cards 12 size 40 Howl #buckets 4 coarsen threshold 1843 Howl Bitmap #cards 512 size 80 coarsen threshold 460 Card regions per heap region 1 cards per card region 2048

Heap:
 garbage-first heap   total 0K, used 0K [0x0000000081e00000, 0x0000000100000000)
  region size 1024K, 0 young (0K), 0 survivors (0K)

[error occurred during error reporting (printing heap information), id 0xc0000005, EXCEPTION_ACCESS_VIOLATION (0xc0000005) at pc=0x00007ffbab3947b9]
GC Heap History (0 events):
No events

Dll operation events (1 events):
Event: 0.080 Loaded shared library C:\Users\Anastasia\.jdks\openjdk-20.0.2\bin\java.dll

Deoptimization events (0 events):
No events

Classes loaded (0 events):
No events

Classes unloaded (0 events):
No events

Classes redefined (0 events):
No events

Internal exceptions (0 events):
No events

VM Operations (0 events):
No events

Events (0 events):
No events


Dynamic libraries:
0x00007ff714df0000 - 0x00007ff714dfe000 	C:\Users\Anastasia\.jdks\openjdk-20.0.2\bin\java.exe
0x00007ffbf7a20000 - 0x00007ffbf7c10000 	C:\WINDOWS\SYSTEM32\ntdll.dll
0x00007ffbf6b10000 - 0x00007ffbf6bc2000 	C:\WINDOWS\System32\KERNEL32.DLL
0x00007ffbf4960000 - 0x00007ffbf4c05000 	C:\WINDOWS\System32\KERNELBASE.dll
0x00007ffbf5730000 - 0x00007ffbf582a000 	C:\WINDOWS\System32\ucrtbase.dll
0x00007ffbe9c20000 - 0x00007ffbe9c3b000 	C:\Users\Anastasia\.jdks\openjdk-20.0.2\bin\VCRUNTIME140.dll
0x00007ffbe9c40000 - 0x00007ffbe9c57000 	C:\Users\Anastasia\.jdks\openjdk-20.0.2\bin\jli.dll
0x00007ffbf7690000 - 0x00007ffbf7824000 	C:\WINDOWS\System32\USER32.dll
0x00007ffbf5920000 - 0x00007ffbf5941000 	C:\WINDOWS\System32\win32u.dll
0x00007ffbd9c50000 - 0x00007ffbd9ed4000 	C:\WINDOWS\WinSxS\amd64_microsoft.windows.common-controls_6595b64144ccf1df_6.0.18362.1256_none_9e7e379be45e40e2\COMCTL32.dll
0x00007ffbf6d70000 - 0x00007ffbf6d96000 	C:\WINDOWS\System32\GDI32.dll
0x00007ffbf4c60000 - 0x00007ffbf4df6000 	C:\WINDOWS\System32\gdi32full.dll
0x00007ffbf6cd0000 - 0x00007ffbf6d6e000 	C:\WINDOWS\System32\msvcrt.dll
0x00007ffbf4f00000 - 0x00007ffbf4f9e000 	C:\WINDOWS\System32\msvcp_win.dll
0x00007ffbf6670000 - 0x00007ffbf69a6000 	C:\WINDOWS\System32\combase.dll
0x00007ffbf5ab0000 - 0x00007ffbf5bd0000 	C:\WINDOWS\System32\RPCRT4.dll
0x00007ffbf5890000 - 0x00007ffbf5911000 	C:\WINDOWS\System32\bcryptPrimitives.dll
0x00007ffbf69b0000 - 0x00007ffbf69de000 	C:\WINDOWS\System32\IMM32.DLL
0x00007ffbe9a10000 - 0x00007ffbe9a1c000 	C:\Users\Anastasia\.jdks\openjdk-20.0.2\bin\vcruntime140_1.dll
0x00007ffbcb7a0000 - 0x00007ffbcb82e000 	C:\Users\Anastasia\.jdks\openjdk-20.0.2\bin\msvcp140.dll
0x00007ffbaac80000 - 0x00007ffbab918000 	C:\Users\Anastasia\.jdks\openjdk-20.0.2\bin\server\jvm.dll
0x00007ffbf6a50000 - 0x00007ffbf6af3000 	C:\WINDOWS\System32\ADVAPI32.dll
0x00007ffbf6050000 - 0x00007ffbf60e7000 	C:\WINDOWS\System32\sechost.dll
0x00007ffbf0870000 - 0x00007ffbf0894000 	C:\WINDOWS\SYSTEM32\WINMM.dll
0x00007ffbdf200000 - 0x00007ffbdf209000 	C:\WINDOWS\SYSTEM32\WSOCK32.dll
0x00007ffbef2b0000 - 0x00007ffbef2ba000 	C:\WINDOWS\SYSTEM32\VERSION.dll
0x00007ffbf69e0000 - 0x00007ffbf6a4f000 	C:\WINDOWS\System32\WS2_32.dll
0x00007ffbf0600000 - 0x00007ffbf062d000 	C:\WINDOWS\SYSTEM32\winmmbase.dll
0x00007ffbf4c10000 - 0x00007ffbf4c5a000 	C:\WINDOWS\System32\cfgmgr32.dll
0x00007ffbf48a0000 - 0x00007ffbf48b1000 	C:\WINDOWS\System32\kernel.appcore.dll
0x00007ffbe9a00000 - 0x00007ffbe9a0a000 	C:\Users\Anastasia\.jdks\openjdk-20.0.2\bin\jimage.dll
0x00007ffbe5b50000 - 0x00007ffbe5d44000 	C:\WINDOWS\SYSTEM32\DBGHELP.DLL
0x00007ffbdd8c0000 - 0x00007ffbdd8ea000 	C:\WINDOWS\SYSTEM32\dbgcore.DLL
0x00007ffbe9830000 - 0x00007ffbe983e000 	C:\Users\Anastasia\.jdks\openjdk-20.0.2\bin\instrument.dll
0x00007ffbe9880000 - 0x00007ffbe98a6000 	C:\Users\Anastasia\.jdks\openjdk-20.0.2\bin\java.dll

dbghelp: loaded successfully - version: 4.0.5 - missing functions: none
symbol engine: initialized successfully - sym options: 0x614 - pdb path: .;C:\Users\Anastasia\.jdks\openjdk-20.0.2\bin;C:\WINDOWS\SYSTEM32;C:\WINDOWS\WinSxS\amd64_microsoft.windows.common-controls_6595b64144ccf1df_6.0.18362.1256_none_9e7e379be45e40e2;C:\Users\Anastasia\.jdks\openjdk-20.0.2\bin\server

VM Arguments:
jvm_args: -javaagent:C:\Program Files\JetBrains\IntelliJ IDEA Community Edition 2022.2\lib\idea_rt.jar=51933:C:\Program Files\JetBrains\IntelliJ IDEA Community Edition 2022.2\bin -Dfile.encoding=UTF-8 
java_command: xzero.XZero
java_class_path (initial): C:\Users\Anastasia\IdeaProjects\XZeroKrol\out\production\XZeroKrol
Launcher Type: SUN_STANDARD

[Global flags]
     intx CICompilerCount                          = 4                                         {product} {ergonomic}
     uint ConcGCThreads                            = 2                                         {product} {ergonomic}
     uint G1ConcRefinementThreads                  = 8                                         {product} {ergonomic}
   size_t G1HeapRegionSize                         = 1048576                                   {product} {ergonomic}
    uintx GCDrainStackTargetSize                   = 64                                        {product} {ergonomic}
   size_t InitialHeapSize                          = 134217728                                 {product} {ergonomic}
   size_t MarkStackSize                            = 4194304                                   {product} {ergonomic}
   size_t MaxHeapSize                              = 2116026368                                {product} {ergonomic}
   size_t MinHeapDeltaBytes                        = 1048576                                   {product} {ergonomic}
   size_t MinHeapSize                              = 8388608                                   {product} {ergonomic}
    uintx NonNMethodCodeHeapSize                   = 5839372                                {pd product} {ergonomic}
    uintx NonProfiledCodeHeapSize                  = 122909434                              {pd product} {ergonomic}
    uintx ProfiledCodeHeapSize                     = 122909434                              {pd product} {ergonomic}
    uintx ReservedCodeCacheSize                    = 251658240                              {pd product} {ergonomic}
     bool SegmentedCodeCache                       = true                                      {product} {ergonomic}
   size_t SoftMaxHeapSize                          = 2116026368                             {manageable} {ergonomic}
     bool UseCompressedClassPointers               = true                           {product lp64_product} {ergonomic}
     bool UseCompressedOops                        = true                           {product lp64_product} {ergonomic}
     bool UseG1GC                                  = true                                      {product} {ergonomic}
     bool UseLargePagesIndividualAllocation        = false                                  {pd product} {ergonomic}

Logging:
Log output configuration:
 #0: stdout all=warning uptime,level,tags foldmultilines=false
 #1: stderr all=off uptime,level,tags foldmultilines=false

Environment Variables:
PATH=C:\Program Files (x86)\Common Files\Intel\Shared Libraries\redist\intel64\compiler;C:\ProgramData\Oracle\Java\javapath;C:\WINDOWS\system32;C:\WINDOWS;C:\WINDOWS\System32\Wbem;C:\WINDOWS\System32\WindowsPowerShell\v1.0\;C:\WINDOWS\System32\OpenSSH\;C:\FPC\2.6.4\bin\i386-Win32;C:\Program Files\dotnet\;C:\Program Files (x86)\dotnet\;%QUARTUS_ROOTDIR%\bin;C:\Program Files\doxygen\bin;C:\Program Files\JetBrains\PyCharm Community Edition 2022.3.2\bin;E:\ÓÍÈÂÅÐ\ÒåðÂåð\lab6\venv\Scripts;C:\Program Files\Git\cmd;C:\Users\Anastasia\AppData\Local\Microsoft\WindowsApps;C:\Users\Anastasia\AppData\Local\GitHubDesktop\bin;C:\Users\Anastasia\AppData\Local\Programs\Microsoft VS Code\bin
USERNAME=Anastasia
OS=Windows_NT
PROCESSOR_IDENTIFIER=Intel64 Family 6 Model 142 Stepping 11, GenuineIntel
TMP=C:\Users\ANASTA~1\AppData\Local\Temp
TEMP=C:\Users\ANASTA~1\AppData\Local\Temp




---------------  S Y S T E M  ---------------

OS:
 Windows 10 , 64 bit Build 18362 (10.0.18362.1110)
OS uptime: 1 days 4:30 hours

CPU: total 8 (initial active 8) (4 cores per cpu, 2 threads per core) family 6 model 142 stepping 11 microcode 0xae, cx8, cmov, fxsr, ht, mmx, 3dnowpref, sse, sse2, sse3, ssse3, sse4.1, sse4.2, popcnt, lzcnt, tsc, tscinvbit, avx, avx2, aes, erms, clmul, bmi1, bmi2, adx, fma, vzeroupper, clflush, clflushopt, rdtscp, f16c

Memory: 4k page, system-wide physical 8071M (325M free)
TotalPageFile size 10119M (AvailPageFile size 63M)
current process WorkingSet (physical memory assigned to process): 10M, peak: 10M
current process commit charge ("private bytes"): 60M, peak: 188M

vm_info: OpenJDK 64-Bit Server VM (20.0.2+9-78) for windows-amd64 JRE (20.0.2+9-78), built on 2023-06-14T10:08:48Z by "mach5one" with MS VC++ 17.1 (VS2022)

END.
